2022-03-20 12:10:18.650  INFO 9145 --- [restartedMain] com.ab.AccountValidationApplication      : Starting AccountValidationApplication using Java 1.8.0_202 on Anurags-MacBook-Pro.local with PID 9145 (/Users/anuragbaranwal/Documents/Workspace/sbr-app/SBR-1ST-APP/AccountValidation/target/classes started by anuragbaranwal in /Users/anuragbaranwal/Documents/Workspace/sbr-app/SBR-1ST-APP/AccountValidation)
2022-03-20 12:10:18.663  INFO 9145 --- [restartedMain] com.ab.AccountValidationApplication      : The following 1 profile is active: "dev"
2022-03-20 12:10:19.022  INFO 9145 --- [restartedMain] .s.d.r.c.RepositoryConfigurationDelegate : Bootstrapping Spring Data JPA repositories in DEFAULT mode.
2022-03-20 12:10:19.051  INFO 9145 --- [restartedMain] .s.d.r.c.RepositoryConfigurationDelegate : Finished Spring Data repository scanning in 24 ms. Found 3 JPA repository interfaces.
2022-03-20 12:10:19.170  INFO 9145 --- [restartedMain] o.s.b.w.embedded.tomcat.TomcatWebServer  : Tomcat initialized with port(s): 6782 (http)
2022-03-20 12:10:19.173  INFO 9145 --- [restartedMain] o.apache.catalina.core.StandardService   : Starting service [Tomcat]
2022-03-20 12:10:19.173  INFO 9145 --- [restartedMain] org.apache.catalina.core.StandardEngine  : Starting Servlet engine: [Apache Tomcat/9.0.58]
2022-03-20 12:10:19.176  INFO 9145 --- [restartedMain] o.a.c.c.C.[Tomcat].[localhost].[/]       : Initializing Spring embedded WebApplicationContext
2022-03-20 12:10:19.176  INFO 9145 --- [restartedMain] w.s.c.ServletWebServerApplicationContext : Root WebApplicationContext: initialization completed in 463 ms
2022-03-20 12:10:19.208  INFO 9145 --- [restartedMain] o.hibernate.jpa.internal.util.LogHelper  : HHH000204: Processing PersistenceUnitInfo [name: default]
2022-03-20 12:10:19.213  INFO 9145 --- [restartedMain] com.zaxxer.hikari.HikariDataSource       : HikariPool-6 - Starting...
2022-03-20 12:10:19.260  INFO 9145 --- [restartedMain] com.zaxxer.hikari.HikariDataSource       : HikariPool-6 - Start completed.
2022-03-20 12:10:19.261  INFO 9145 --- [restartedMain] org.hibernate.dialect.Dialect            : HHH000400: Using dialect: org.hibernate.dialect.MySQL8Dialect
2022-03-20 12:10:19.397  INFO 9145 --- [restartedMain] o.h.e.t.j.p.i.JtaPlatformInitiator       : HHH000490: Using JtaPlatform implementation: [org.hibernate.engine.transaction.jta.platform.internal.NoJtaPlatform]
2022-03-20 12:10:19.398  INFO 9145 --- [restartedMain] j.LocalContainerEntityManagerFactoryBean : Initialized JPA EntityManagerFactory for persistence unit 'default'
2022-03-20 12:10:19.584  WARN 9145 --- [restartedMain] JpaBaseConfiguration$JpaWebConfiguration : spring.jpa.open-in-view is enabled by default. Therefore, database queries may be performed during view rendering. Explicitly configure spring.jpa.open-in-view to disable this warning
2022-03-20 12:10:19.749  INFO 9145 --- [restartedMain] org.quartz.impl.StdSchedulerFactory      : Using default implementation for ThreadExecutor
2022-03-20 12:10:19.751  INFO 9145 --- [restartedMain] org.quartz.core.SchedulerSignalerImpl    : Initialized Scheduler Signaller of type: class org.quartz.core.SchedulerSignalerImpl
2022-03-20 12:10:19.751  INFO 9145 --- [restartedMain] org.quartz.core.QuartzScheduler          : Quartz Scheduler v.2.3.2 created.
2022-03-20 12:10:19.751  INFO 9145 --- [restartedMain] org.quartz.simpl.RAMJobStore             : RAMJobStore initialized.
2022-03-20 12:10:19.751  INFO 9145 --- [restartedMain] org.quartz.core.QuartzScheduler          : Scheduler meta-data: Quartz Scheduler (v2.3.2) 'quartzScheduler' with instanceId 'NON_CLUSTERED'
  Scheduler class: 'org.quartz.core.QuartzScheduler' - running locally.
  NOT STARTED.
  Currently in standby mode.
  Number of jobs executed: 0
  Using thread pool 'org.quartz.simpl.SimpleThreadPool' - with 10 threads.
  Using job-store 'org.quartz.simpl.RAMJobStore' - which does not support persistence. and is not clustered.

2022-03-20 12:10:19.751  INFO 9145 --- [restartedMain] org.quartz.impl.StdSchedulerFactory      : Quartz scheduler 'quartzScheduler' initialized from an externally provided properties instance.
2022-03-20 12:10:19.751  INFO 9145 --- [restartedMain] org.quartz.impl.StdSchedulerFactory      : Quartz scheduler version: 2.3.2
2022-03-20 12:10:19.751  INFO 9145 --- [restartedMain] org.quartz.core.QuartzScheduler          : JobFactory set to: org.springframework.scheduling.quartz.SpringBeanJobFactory@381d9192
2022-03-20 12:10:19.768  INFO 9145 --- [restartedMain] o.s.b.d.a.OptionalLiveReloadServer       : LiveReload server is running on port 35729
2022-03-20 12:10:19.779  INFO 9145 --- [restartedMain] o.s.b.w.embedded.tomcat.TomcatWebServer  : Tomcat started on port(s): 6782 (http) with context path ''
2022-03-20 12:10:19.781  INFO 9145 --- [restartedMain] o.s.s.quartz.SchedulerFactoryBean        : Starting Quartz Scheduler now
2022-03-20 12:10:19.781  INFO 9145 --- [restartedMain] org.quartz.core.QuartzScheduler          : Scheduler quartzScheduler_$_NON_CLUSTERED started.
2022-03-20 12:10:19.786  INFO 9145 --- [restartedMain] com.ab.AccountValidationApplication      : Started AccountValidationApplication in 1.56 seconds (JVM running for 510.294)
2022-03-20 12:10:19.788  INFO 9145 --- [restartedMain] .ConditionEvaluationDeltaLoggingListener : Condition evaluation unchanged
2022-03-20 12:10:43.553  INFO 9145 --- [Thread-24] org.quartz.core.QuartzScheduler          : Scheduler quartzScheduler_$_NON_CLUSTERED paused.
2022-03-20 12:10:43.594  INFO 9145 --- [Thread-24] o.s.s.quartz.SchedulerFactoryBean        : Shutting down Quartz Scheduler
2022-03-20 12:10:43.596  INFO 9145 --- [Thread-24] org.quartz.core.QuartzScheduler          : Scheduler quartzScheduler_$_NON_CLUSTERED shutting down.
2022-03-20 12:10:43.597  INFO 9145 --- [Thread-24] org.quartz.core.QuartzScheduler          : Scheduler quartzScheduler_$_NON_CLUSTERED paused.
2022-03-20 12:10:43.599  INFO 9145 --- [Thread-24] org.quartz.core.QuartzScheduler          : Scheduler quartzScheduler_$_NON_CLUSTERED shutdown complete.
2022-03-20 12:10:43.602  INFO 9145 --- [Thread-24] j.LocalContainerEntityManagerFactoryBean : Closing JPA EntityManagerFactory for persistence unit 'default'
2022-03-20 12:10:43.607  INFO 9145 --- [Thread-24] com.zaxxer.hikari.HikariDataSource       : HikariPool-6 - Shutdown initiated...
2022-03-20 12:10:43.628  INFO 9145 --- [Thread-24] com.zaxxer.hikari.HikariDataSource       : HikariPool-6 - Shutdown completed.
2022-03-20 12:10:43.971  INFO 9145 --- [restartedMain] com.ab.AccountValidationApplication      : Starting AccountValidationApplication using Java 1.8.0_202 on Anurags-MacBook-Pro.local with PID 9145 (/Users/anuragbaranwal/Documents/Workspace/sbr-app/SBR-1ST-APP/AccountValidation/target/classes started by anuragbaranwal in /Users/anuragbaranwal/Documents/Workspace/sbr-app/SBR-1ST-APP/AccountValidation)
2022-03-20 12:10:43.974  INFO 9145 --- [restartedMain] com.ab.AccountValidationApplication      : The following 1 profile is active: "dev"
2022-03-20 12:10:44.161  INFO 9145 --- [restartedMain] .s.d.r.c.RepositoryConfigurationDelegate : Bootstrapping Spring Data JPA repositories in DEFAULT mode.
2022-03-20 12:10:44.183  INFO 9145 --- [restartedMain] .s.d.r.c.RepositoryConfigurationDelegate : Finished Spring Data repository scanning in 19 ms. Found 3 JPA repository interfaces.
2022-03-20 12:10:44.294  INFO 9145 --- [restartedMain] o.s.b.w.embedded.tomcat.TomcatWebServer  : Tomcat initialized with port(s): 6782 (http)
2022-03-20 12:10:44.296  INFO 9145 --- [restartedMain] o.apache.catalina.core.StandardService   : Starting service [Tomcat]
2022-03-20 12:10:44.297  INFO 9145 --- [restartedMain] org.apache.catalina.core.StandardEngine  : Starting Servlet engine: [Apache Tomcat/9.0.58]
2022-03-20 12:10:44.300  INFO 9145 --- [restartedMain] o.a.c.c.C.[Tomcat].[localhost].[/]       : Initializing Spring embedded WebApplicationContext
2022-03-20 12:10:44.300  INFO 9145 --- [restartedMain] w.s.c.ServletWebServerApplicationContext : Root WebApplicationContext: initialization completed in 312 ms
2022-03-20 12:10:44.331  INFO 9145 --- [restartedMain] o.hibernate.jpa.internal.util.LogHelper  : HHH000204: Processing PersistenceUnitInfo [name: default]
2022-03-20 12:10:44.336  INFO 9145 --- [restartedMain] com.zaxxer.hikari.HikariDataSource       : HikariPool-7 - Starting...
2022-03-20 12:10:44.383  INFO 9145 --- [restartedMain] com.zaxxer.hikari.HikariDataSource       : HikariPool-7 - Start completed.
2022-03-20 12:10:44.383  INFO 9145 --- [restartedMain] org.hibernate.dialect.Dialect            : HHH000400: Using dialect: org.hibernate.dialect.MySQL8Dialect
2022-03-20 12:10:44.500  INFO 9145 --- [restartedMain] o.h.e.t.j.p.i.JtaPlatformInitiator       : HHH000490: Using JtaPlatform implementation: [org.hibernate.engine.transaction.jta.platform.internal.NoJtaPlatform]
2022-03-20 12:10:44.501  INFO 9145 --- [restartedMain] j.LocalContainerEntityManagerFactoryBean : Initialized JPA EntityManagerFactory for persistence unit 'default'
2022-03-20 12:10:44.664  WARN 9145 --- [restartedMain] JpaBaseConfiguration$JpaWebConfiguration : spring.jpa.open-in-view is enabled by default. Therefore, database queries may be performed during view rendering. Explicitly configure spring.jpa.open-in-view to disable this warning
2022-03-20 12:10:44.840  INFO 9145 --- [restartedMain] org.quartz.impl.StdSchedulerFactory      : Using default implementation for ThreadExecutor
2022-03-20 12:10:44.842  INFO 9145 --- [restartedMain] org.quartz.core.SchedulerSignalerImpl    : Initialized Scheduler Signaller of type: class org.quartz.core.SchedulerSignalerImpl
2022-03-20 12:10:44.843  INFO 9145 --- [restartedMain] org.quartz.core.QuartzScheduler          : Quartz Scheduler v.2.3.2 created.
2022-03-20 12:10:44.843  INFO 9145 --- [restartedMain] org.quartz.simpl.RAMJobStore             : RAMJobStore initialized.
2022-03-20 12:10:44.843  INFO 9145 --- [restartedMain] org.quartz.core.QuartzScheduler          : Scheduler meta-data: Quartz Scheduler (v2.3.2) 'quartzScheduler' with instanceId 'NON_CLUSTERED'
  Scheduler class: 'org.quartz.core.QuartzScheduler' - running locally.
  NOT STARTED.
  Currently in standby mode.
  Number of jobs executed: 0
  Using thread pool 'org.quartz.simpl.SimpleThreadPool' - with 10 threads.
  Using job-store 'org.quartz.simpl.RAMJobStore' - which does not support persistence. and is not clustered.

2022-03-20 12:10:44.843  INFO 9145 --- [restartedMain] org.quartz.impl.StdSchedulerFactory      : Quartz scheduler 'quartzScheduler' initialized from an externally provided properties instance.
2022-03-20 12:10:44.843  INFO 9145 --- [restartedMain] org.quartz.impl.StdSchedulerFactory      : Quartz scheduler version: 2.3.2
2022-03-20 12:10:44.843  INFO 9145 --- [restartedMain] org.quartz.core.QuartzScheduler          : JobFactory set to: org.springframework.scheduling.quartz.SpringBeanJobFactory@7414cc1f
2022-03-20 12:10:44.857  INFO 9145 --- [restartedMain] o.s.b.d.a.OptionalLiveReloadServer       : LiveReload server is running on port 35729
2022-03-20 12:10:44.865  INFO 9145 --- [restartedMain] o.s.b.w.embedded.tomcat.TomcatWebServer  : Tomcat started on port(s): 6782 (http) with context path ''
2022-03-20 12:10:44.866  INFO 9145 --- [restartedMain] o.s.s.quartz.SchedulerFactoryBean        : Starting Quartz Scheduler now
2022-03-20 12:10:44.866  INFO 9145 --- [restartedMain] org.quartz.core.QuartzScheduler          : Scheduler quartzScheduler_$_NON_CLUSTERED started.
2022-03-20 12:10:44.900  INFO 9145 --- [restartedMain] com.ab.AccountValidationApplication      : Started AccountValidationApplication in 1.033 seconds (JVM running for 535.407)
2022-03-20 12:10:44.903  INFO 9145 --- [restartedMain] .ConditionEvaluationDeltaLoggingListener : Condition evaluation unchanged
2022-03-20 12:10:59.195  INFO 9145 --- [SpringApplicationShutdownHook] org.quartz.core.QuartzScheduler          : Scheduler quartzScheduler_$_NON_CLUSTERED paused.
2022-03-20 12:10:59.237  INFO 9145 --- [SpringApplicationShutdownHook] o.s.s.quartz.SchedulerFactoryBean        : Shutting down Quartz Scheduler
2022-03-20 12:10:59.239  INFO 9145 --- [SpringApplicationShutdownHook] org.quartz.core.QuartzScheduler          : Scheduler quartzScheduler_$_NON_CLUSTERED shutting down.
2022-03-20 12:10:59.239  INFO 9145 --- [SpringApplicationShutdownHook] org.quartz.core.QuartzScheduler          : Scheduler quartzScheduler_$_NON_CLUSTERED paused.
2022-03-20 12:10:59.239  INFO 9145 --- [SpringApplicationShutdownHook] org.quartz.core.QuartzScheduler          : Scheduler quartzScheduler_$_NON_CLUSTERED shutdown complete.
2022-03-20 12:10:59.240  INFO 9145 --- [SpringApplicationShutdownHook] j.LocalContainerEntityManagerFactoryBean : Closing JPA EntityManagerFactory for persistence unit 'default'
2022-03-20 12:10:59.242  INFO 9145 --- [SpringApplicationShutdownHook] com.zaxxer.hikari.HikariDataSource       : HikariPool-7 - Shutdown initiated...
2022-03-20 12:10:59.263  INFO 9145 --- [SpringApplicationShutdownHook] com.zaxxer.hikari.HikariDataSource       : HikariPool-7 - Shutdown completed.
2022-03-20 12:11:11.352  INFO 9417 --- [restartedMain] com.ab.AccountValidationApplication      : Starting AccountValidationApplication using Java 1.8.0_202 on Anurags-MacBook-Pro.local with PID 9417 (/Users/anuragbaranwal/Documents/Workspace/sbr-app/SBR-1ST-APP/AccountValidation/target/classes started by anuragbaranwal in /Users/anuragbaranwal/Documents/Workspace/sbr-app/SBR-1ST-APP/AccountValidation)
2022-03-20 12:11:11.353  INFO 9417 --- [restartedMain] com.ab.AccountValidationApplication      : The following 1 profile is active: "dev"
2022-03-20 12:11:11.403  INFO 9417 --- [restartedMain] .e.DevToolsPropertyDefaultsPostProcessor : Devtools property defaults active! Set 'spring.devtools.add-properties' to 'false' to disable
2022-03-20 12:11:11.404  INFO 9417 --- [restartedMain] .e.DevToolsPropertyDefaultsPostProcessor : For additional web related logging consider setting the 'logging.level.web' property to 'DEBUG'
2022-03-20 12:11:12.046  INFO 9417 --- [restartedMain] .s.d.r.c.RepositoryConfigurationDelegate : Bootstrapping Spring Data JPA repositories in DEFAULT mode.
2022-03-20 12:11:12.191  INFO 9417 --- [restartedMain] .s.d.r.c.RepositoryConfigurationDelegate : Finished Spring Data repository scanning in 137 ms. Found 3 JPA repository interfaces.
2022-03-20 12:11:12.764  INFO 9417 --- [restartedMain] o.s.b.w.embedded.tomcat.TomcatWebServer  : Tomcat initialized with port(s): 6782 (http)
2022-03-20 12:11:12.770  INFO 9417 --- [restartedMain] o.apache.catalina.core.StandardService   : Starting service [Tomcat]
2022-03-20 12:11:12.771  INFO 9417 --- [restartedMain] org.apache.catalina.core.StandardEngine  : Starting Servlet engine: [Apache Tomcat/9.0.58]
2022-03-20 12:11:12.833  INFO 9417 --- [restartedMain] o.a.c.c.C.[Tomcat].[localhost].[/]       : Initializing Spring embedded WebApplicationContext
2022-03-20 12:11:12.834  INFO 9417 --- [restartedMain] w.s.c.ServletWebServerApplicationContext : Root WebApplicationContext: initialization completed in 1430 ms
2022-03-20 12:11:13.032  INFO 9417 --- [restartedMain] o.hibernate.jpa.internal.util.LogHelper  : HHH000204: Processing PersistenceUnitInfo [name: default]
2022-03-20 12:11:13.051  INFO 9417 --- [restartedMain] org.hibernate.Version                    : HHH000412: Hibernate ORM core version 5.6.5.Final
2022-03-20 12:11:13.106  INFO 9417 --- [restartedMain] o.hibernate.annotations.common.Version   : HCANN000001: Hibernate Commons Annotations {5.1.2.Final}
2022-03-20 12:11:13.156  INFO 9417 --- [restartedMain] com.zaxxer.hikari.HikariDataSource       : HikariPool-1 - Starting...
2022-03-20 12:11:13.576  INFO 9417 --- [restartedMain] com.zaxxer.hikari.HikariDataSource       : HikariPool-1 - Start completed.
2022-03-20 12:11:13.587  INFO 9417 --- [restartedMain] org.hibernate.dialect.Dialect            : HHH000400: Using dialect: org.hibernate.dialect.MySQL8Dialect
2022-03-20 12:11:14.042  INFO 9417 --- [restartedMain] o.h.e.t.j.p.i.JtaPlatformInitiator       : HHH000490: Using JtaPlatform implementation: [org.hibernate.engine.transaction.jta.platform.internal.NoJtaPlatform]
2022-03-20 12:11:14.046  INFO 9417 --- [restartedMain] j.LocalContainerEntityManagerFactoryBean : Initialized JPA EntityManagerFactory for persistence unit 'default'
2022-03-20 12:11:14.588  WARN 9417 --- [restartedMain] JpaBaseConfiguration$JpaWebConfiguration : spring.jpa.open-in-view is enabled by default. Therefore, database queries may be performed during view rendering. Explicitly configure spring.jpa.open-in-view to disable this warning
2022-03-20 12:11:14.909  INFO 9417 --- [restartedMain] org.quartz.impl.StdSchedulerFactory      : Using default implementation for ThreadExecutor
2022-03-20 12:11:14.917  INFO 9417 --- [restartedMain] org.quartz.core.SchedulerSignalerImpl    : Initialized Scheduler Signaller of type: class org.quartz.core.SchedulerSignalerImpl
2022-03-20 12:11:14.917  INFO 9417 --- [restartedMain] org.quartz.core.QuartzScheduler          : Quartz Scheduler v.2.3.2 created.
2022-03-20 12:11:14.918  INFO 9417 --- [restartedMain] org.quartz.simpl.RAMJobStore             : RAMJobStore initialized.
2022-03-20 12:11:14.918  INFO 9417 --- [restartedMain] org.quartz.core.QuartzScheduler          : Scheduler meta-data: Quartz Scheduler (v2.3.2) 'quartzScheduler' with instanceId 'NON_CLUSTERED'
  Scheduler class: 'org.quartz.core.QuartzScheduler' - running locally.
  NOT STARTED.
  Currently in standby mode.
  Number of jobs executed: 0
  Using thread pool 'org.quartz.simpl.SimpleThreadPool' - with 10 threads.
  Using job-store 'org.quartz.simpl.RAMJobStore' - which does not support persistence. and is not clustered.

2022-03-20 12:11:14.918  INFO 9417 --- [restartedMain] org.quartz.impl.StdSchedulerFactory      : Quartz scheduler 'quartzScheduler' initialized from an externally provided properties instance.
2022-03-20 12:11:14.918  INFO 9417 --- [restartedMain] org.quartz.impl.StdSchedulerFactory      : Quartz scheduler version: 2.3.2
2022-03-20 12:11:14.918  INFO 9417 --- [restartedMain] org.quartz.core.QuartzScheduler          : JobFactory set to: org.springframework.scheduling.quartz.SpringBeanJobFactory@29681ea7
2022-03-20 12:11:14.947  INFO 9417 --- [restartedMain] o.s.b.d.a.OptionalLiveReloadServer       : LiveReload server is running on port 35729
2022-03-20 12:11:14.977  INFO 9417 --- [restartedMain] o.s.b.w.embedded.tomcat.TomcatWebServer  : Tomcat started on port(s): 6782 (http) with context path ''
2022-03-20 12:11:14.979  INFO 9417 --- [restartedMain] o.s.s.quartz.SchedulerFactoryBean        : Starting Quartz Scheduler now
2022-03-20 12:11:14.979  INFO 9417 --- [restartedMain] org.quartz.core.QuartzScheduler          : Scheduler quartzScheduler_$_NON_CLUSTERED started.
2022-03-20 12:11:14.996  INFO 9417 --- [restartedMain] com.ab.AccountValidationApplication      : Started AccountValidationApplication in 3.993 seconds (JVM running for 4.46)
2022-03-20 12:11:35.688  INFO 9417 --- [Thread-6] org.quartz.core.QuartzScheduler          : Scheduler quartzScheduler_$_NON_CLUSTERED paused.
2022-03-20 12:11:35.737  INFO 9417 --- [Thread-6] o.s.s.quartz.SchedulerFactoryBean        : Shutting down Quartz Scheduler
2022-03-20 12:11:35.738  INFO 9417 --- [Thread-6] org.quartz.core.QuartzScheduler          : Scheduler quartzScheduler_$_NON_CLUSTERED shutting down.
2022-03-20 12:11:35.739  INFO 9417 --- [Thread-6] org.quartz.core.QuartzScheduler          : Scheduler quartzScheduler_$_NON_CLUSTERED paused.
2022-03-20 12:11:35.740  INFO 9417 --- [Thread-6] org.quartz.core.QuartzScheduler          : Scheduler quartzScheduler_$_NON_CLUSTERED shutdown complete.
2022-03-20 12:11:35.742  INFO 9417 --- [Thread-6] j.LocalContainerEntityManagerFactoryBean : Closing JPA EntityManagerFactory for persistence unit 'default'
2022-03-20 12:11:35.764  INFO 9417 --- [Thread-6] com.zaxxer.hikari.HikariDataSource       : HikariPool-1 - Shutdown initiated...
2022-03-20 12:11:35.782  INFO 9417 --- [Thread-6] com.zaxxer.hikari.HikariDataSource       : HikariPool-1 - Shutdown completed.
